2024-06-03 20:16:40,233 - INFO - Starting TOPTW Solver: ILS Method


2024-06-03 20:16:40,237 - INFO - ----------------------------------------
2024-06-03 20:16:40,237 - INFO - Processing: pr09.txt - N: 216 - T_max: 1000.0
2024-06-03 20:16:40,237 - INFO - ----------------------------------------
2024-06-03 20:16:40,237 - INFO - * Parameters: solutions_count=1, path_count=1, criteria=benefit_insertion_ratio, random_noise=True
2024-06-03 20:16:40,237 - INFO - 	 Solution #1
2024-06-03 20:16:54,062 - INFO - 		 * Constructive method solution score: 334.0
2024-06-03 20:17:02,999 - DEBUG - 		 * LS solution score: 357.0
2024-06-03 20:17:02,999 - DEBUG - 		 * Delta: 23.0
2024-06-03 20:17:02,999 - DEBUG - 		 * Accepting new solution as starting solution
2024-06-03 20:17:02,999 - DEBUG - 		 * Accepting new solution as best solution
2024-06-03 20:17:18,371 - DEBUG - 		 * LS solution score: 365.0
2024-06-03 20:17:18,371 - DEBUG - 		 * Delta: 8.0
2024-06-03 20:17:18,371 - DEBUG - 		 * Accepting new solution as starting solution
2024-06-03 20:17:18,371 - DEBUG - 		 * Accepting new solution as best solution
2024-06-03 20:17:28,757 - DEBUG - 		 * LS solution score: 365.0
2024-06-03 20:17:28,757 - DEBUG - 		 * Delta: 0.0
2024-06-03 20:17:28,757 - DEBUG - 		 * Accepting new solution with probability
2024-06-03 20:17:28,757 - DEBUG - 		 * New solution accepted with probability
2024-06-03 20:17:38,180 - DEBUG - 		 * LS solution score: 347.0
2024-06-03 20:17:38,180 - DEBUG - 		 * Delta: -18.0
2024-06-03 20:17:38,180 - DEBUG - 		 * Accepting new solution with probability
2024-06-03 20:17:38,180 - DEBUG - 		 * New solution accepted with probability
2024-06-03 20:17:50,308 - DEBUG - 		 * LS solution score: 374.0
2024-06-03 20:17:50,308 - DEBUG - 		 * Delta: 27.0
2024-06-03 20:17:50,308 - DEBUG - 		 * Accepting new solution as starting solution
2024-06-03 20:17:50,308 - DEBUG - 		 * Accepting new solution as best solution
2024-06-03 20:18:03,592 - DEBUG - 		 * LS solution score: 334.0
2024-06-03 20:18:03,593 - DEBUG - 		 * Delta: -40.0
2024-06-03 20:18:03,593 - DEBUG - 		 * Accepting new solution with probability
2024-06-03 20:18:03,593 - DEBUG - 		 * New solution rejected with probability
2024-06-03 20:18:17,155 - DEBUG - 		 * LS solution score: 324.0
2024-06-03 20:18:17,155 - DEBUG - 		 * Delta: -50.0
2024-06-03 20:18:17,155 - DEBUG - 		 * Accepting new solution with probability
2024-06-03 20:18:17,155 - DEBUG - 		 * New solution accepted with probability
2024-06-03 20:18:32,714 - DEBUG - 		 * LS solution score: 374.0
2024-06-03 20:18:32,714 - DEBUG - 		 * Delta: 50.0
2024-06-03 20:18:32,714 - DEBUG - 		 * Accepting new solution as starting solution
2024-06-03 20:18:49,133 - DEBUG - 		 * LS solution score: 415.0
2024-06-03 20:18:49,134 - DEBUG - 		 * Delta: 41.0
2024-06-03 20:18:49,134 - DEBUG - 		 * Accepting new solution as starting solution
2024-06-03 20:18:49,134 - DEBUG - 		 * Accepting new solution as best solution
2024-06-03 20:19:03,877 - DEBUG - 		 * LS solution score: 404.0
2024-06-03 20:19:03,877 - DEBUG - 		 * Delta: -11.0
2024-06-03 20:19:03,877 - DEBUG - 		 * Accepting new solution with probability
2024-06-03 20:19:03,877 - DEBUG - 		 * New solution accepted with probability
2024-06-03 20:19:17,628 - DEBUG - 		 * LS solution score: 393.0
2024-06-03 20:19:17,628 - DEBUG - 		 * Delta: -11.0
2024-06-03 20:19:17,628 - DEBUG - 		 * Accepting new solution with probability
2024-06-03 20:19:17,628 - DEBUG - 		 * New solution accepted with probability
2024-06-03 20:19:23,332 - DEBUG - 		 * LS solution score: 393.0
2024-06-03 20:19:23,332 - DEBUG - 		 * Delta: 0.0
2024-06-03 20:19:23,332 - DEBUG - 		 * Accepting new solution with probability
2024-06-03 20:19:23,332 - DEBUG - 		 * New solution accepted with probability
2024-06-03 20:19:30,004 - DEBUG - 		 * LS solution score: 393.0
2024-06-03 20:19:30,004 - DEBUG - 		 * Delta: 0.0
2024-06-03 20:19:30,004 - DEBUG - 		 * Accepting new solution with probability
2024-06-03 20:19:30,004 - DEBUG - 		 * New solution accepted with probability
2024-06-03 20:19:43,174 - DEBUG - 		 * LS solution score: 408.0
2024-06-03 20:19:43,174 - DEBUG - 		 * Delta: 15.0
2024-06-03 20:19:43,174 - DEBUG - 		 * Accepting new solution as starting solution
2024-06-03 20:19:48,453 - DEBUG - 		 * LS solution score: 373.0
2024-06-03 20:19:48,453 - DEBUG - 		 * Delta: -35.0
2024-06-03 20:19:48,453 - DEBUG - 		 * Accepting new solution with probability
2024-06-03 20:19:48,453 - DEBUG - 		 * New solution accepted with probability
2024-06-03 20:19:58,132 - DEBUG - 		 * LS solution score: 367.0
2024-06-03 20:19:58,132 - DEBUG - 		 * Delta: -6.0
2024-06-03 20:19:58,132 - DEBUG - 		 * Accepting new solution with probability
2024-06-03 20:19:58,133 - DEBUG - 		 * New solution accepted with probability
2024-06-03 20:20:11,887 - DEBUG - 		 * LS solution score: 417.0
2024-06-03 20:20:11,887 - DEBUG - 		 * Delta: 50.0
2024-06-03 20:20:11,887 - DEBUG - 		 * Accepting new solution as starting solution
2024-06-03 20:20:11,887 - DEBUG - 		 * Accepting new solution as best solution
2024-06-03 20:20:25,156 - DEBUG - 		 * LS solution score: 437.0
2024-06-03 20:20:25,156 - DEBUG - 		 * Delta: 20.0
2024-06-03 20:20:25,156 - DEBUG - 		 * Accepting new solution as starting solution
2024-06-03 20:20:25,156 - DEBUG - 		 * Accepting new solution as best solution
2024-06-03 20:20:35,147 - DEBUG - 		 * LS solution score: 399.0
2024-06-03 20:20:35,147 - DEBUG - 		 * Delta: -38.0
2024-06-03 20:20:35,147 - DEBUG - 		 * Accepting new solution with probability
2024-06-03 20:20:35,147 - DEBUG - 		 * New solution accepted with probability
2024-06-03 20:20:49,134 - DEBUG - 		 * LS solution score: 400.0
2024-06-03 20:20:49,134 - DEBUG - 		 * Delta: 1.0
2024-06-03 20:20:49,134 - DEBUG - 		 * Accepting new solution as starting solution
2024-06-03 20:20:55,455 - DEBUG - 		 * LS solution score: 400.0
2024-06-03 20:20:55,455 - DEBUG - 		 * Delta: 0.0
2024-06-03 20:20:55,455 - DEBUG - 		 * Accepting new solution with probability
2024-06-03 20:20:55,455 - DEBUG - 		 * New solution accepted with probability
2024-06-03 20:21:00,660 - DEBUG - 		 * LS solution score: 375.0
2024-06-03 20:21:00,661 - DEBUG - 		 * Delta: -25.0
2024-06-03 20:21:00,661 - DEBUG - 		 * Accepting new solution with probability
2024-06-03 20:21:00,661 - DEBUG - 		 * New solution accepted with probability
2024-06-03 20:21:08,476 - DEBUG - 		 * LS solution score: 399.0
2024-06-03 20:21:08,476 - DEBUG - 		 * Delta: 24.0
2024-06-03 20:21:08,476 - DEBUG - 		 * Accepting new solution as starting solution
2024-06-03 20:21:20,861 - DEBUG - 		 * LS solution score: 403.0
2024-06-03 20:21:20,861 - DEBUG - 		 * Delta: 4.0
2024-06-03 20:21:20,861 - DEBUG - 		 * Accepting new solution as starting solution
2024-06-03 20:21:32,358 - DEBUG - 		 * LS solution score: 412.0
2024-06-03 20:21:32,358 - DEBUG - 		 * Delta: 9.0
2024-06-03 20:21:32,358 - DEBUG - 		 * Accepting new solution as starting solution
2024-06-03 20:21:47,781 - DEBUG - 		 * LS solution score: 416.0
2024-06-03 20:21:47,781 - DEBUG - 		 * Delta: 4.0
2024-06-03 20:21:47,781 - DEBUG - 		 * Accepting new solution as starting solution
2024-06-03 20:22:02,410 - DEBUG - 		 * LS solution score: 440.0
2024-06-03 20:22:02,410 - DEBUG - 		 * Delta: 24.0
2024-06-03 20:22:02,410 - DEBUG - 		 * Accepting new solution as starting solution
2024-06-03 20:22:02,410 - DEBUG - 		 * Accepting new solution as best solution
2024-06-03 20:22:15,335 - DEBUG - 		 * LS solution score: 420.0
2024-06-03 20:22:15,335 - DEBUG - 		 * Delta: -20.0
2024-06-03 20:22:15,335 - DEBUG - 		 * Accepting new solution with probability
2024-06-03 20:22:15,335 - DEBUG - 		 * New solution accepted with probability
2024-06-03 20:22:34,229 - DEBUG - 		 * LS solution score: 413.0
2024-06-03 20:22:34,229 - DEBUG - 		 * Delta: -7.0
2024-06-03 20:22:34,229 - DEBUG - 		 * Accepting new solution with probability
2024-06-03 20:22:34,229 - DEBUG - 		 * New solution accepted with probability
2024-06-03 20:22:51,753 - DEBUG - 		 * LS solution score: 416.0
2024-06-03 20:22:51,753 - DEBUG - 		 * Delta: 3.0
2024-06-03 20:22:51,753 - DEBUG - 		 * Accepting new solution as starting solution
2024-06-03 20:22:59,376 - DEBUG - 		 * LS solution score: 416.0
2024-06-03 20:22:59,376 - DEBUG - 		 * Delta: 0.0
2024-06-03 20:22:59,376 - DEBUG - 		 * Accepting new solution with probability
2024-06-03 20:22:59,376 - DEBUG - 		 * New solution accepted with probability
2024-06-03 20:23:07,660 - DEBUG - 		 * LS solution score: 416.0
2024-06-03 20:23:07,661 - DEBUG - 		 * Delta: 0.0
2024-06-03 20:23:07,661 - DEBUG - 		 * Accepting new solution with probability
2024-06-03 20:23:07,661 - DEBUG - 		 * New solution accepted with probability
2024-06-03 20:23:18,895 - DEBUG - 		 * LS solution score: 420.0
2024-06-03 20:23:18,895 - DEBUG - 		 * Delta: 4.0
2024-06-03 20:23:18,895 - DEBUG - 		 * Accepting new solution as starting solution
2024-06-03 20:23:30,631 - DEBUG - 		 * LS solution score: 407.0
2024-06-03 20:23:30,631 - DEBUG - 		 * Delta: -13.0
2024-06-03 20:23:30,631 - DEBUG - 		 * Accepting new solution with probability
2024-06-03 20:23:30,631 - DEBUG - 		 * New solution accepted with probability
2024-06-03 20:23:46,255 - DEBUG - 		 * LS solution score: 424.0
2024-06-03 20:23:46,255 - DEBUG - 		 * Delta: 17.0
2024-06-03 20:23:46,255 - DEBUG - 		 * Accepting new solution as starting solution
2024-06-03 20:24:00,723 - DEBUG - 		 * LS solution score: 432.0
2024-06-03 20:24:00,723 - DEBUG - 		 * Delta: 8.0
2024-06-03 20:24:00,723 - DEBUG - 		 * Accepting new solution as starting solution
2024-06-03 20:24:10,478 - DEBUG - 		 * LS solution score: 388.0
2024-06-03 20:24:10,478 - DEBUG - 		 * Delta: -44.0
2024-06-03 20:24:10,478 - DEBUG - 		 * Accepting new solution with probability
2024-06-03 20:24:10,479 - DEBUG - 		 * New solution accepted with probability
2024-06-03 20:24:23,820 - DEBUG - 		 * LS solution score: 371.0
2024-06-03 20:24:23,820 - DEBUG - 		 * Delta: -17.0
2024-06-03 20:24:23,820 - DEBUG - 		 * Accepting new solution with probability
2024-06-03 20:24:23,821 - DEBUG - 		 * New solution accepted with probability
2024-06-03 20:24:35,945 - DEBUG - 		 * LS solution score: 357.0
2024-06-03 20:24:35,945 - DEBUG - 		 * Delta: -14.0
2024-06-03 20:24:35,946 - DEBUG - 		 * Accepting new solution with probability
2024-06-03 20:24:35,946 - DEBUG - 		 * New solution accepted with probability
2024-06-03 20:24:46,923 - DEBUG - 		 * LS solution score: 363.0
2024-06-03 20:24:46,923 - DEBUG - 		 * Delta: 6.0
2024-06-03 20:24:46,923 - DEBUG - 		 * Accepting new solution as starting solution
2024-06-03 20:24:57,408 - DEBUG - 		 * LS solution score: 396.0
2024-06-03 20:24:57,408 - DEBUG - 		 * Delta: 33.0
2024-06-03 20:24:57,408 - DEBUG - 		 * Accepting new solution as starting solution
2024-06-03 20:25:04,775 - DEBUG - 		 * LS solution score: 396.0
2024-06-03 20:25:04,775 - DEBUG - 		 * Delta: 0.0
2024-06-03 20:25:04,775 - DEBUG - 		 * Accepting new solution with probability
2024-06-03 20:25:04,775 - DEBUG - 		 * New solution accepted with probability
2024-06-03 20:25:16,007 - DEBUG - 		 * LS solution score: 396.0
2024-06-03 20:25:16,007 - DEBUG - 		 * Delta: 0.0
2024-06-03 20:25:16,007 - DEBUG - 		 * Accepting new solution with probability
2024-06-03 20:25:16,007 - DEBUG - 		 * New solution accepted with probability
2024-06-03 20:25:28,228 - DEBUG - 		 * LS solution score: 404.0
2024-06-03 20:25:28,228 - DEBUG - 		 * Delta: 8.0
2024-06-03 20:25:28,228 - DEBUG - 		 * Accepting new solution as starting solution
2024-06-03 20:25:39,526 - DEBUG - 		 * LS solution score: 410.0
2024-06-03 20:25:39,526 - DEBUG - 		 * Delta: 6.0
2024-06-03 20:25:39,526 - DEBUG - 		 * Accepting new solution as starting solution
2024-06-03 20:25:52,465 - DEBUG - 		 * LS solution score: 431.0
2024-06-03 20:25:52,466 - DEBUG - 		 * Delta: 21.0
2024-06-03 20:25:52,466 - DEBUG - 		 * Accepting new solution as starting solution
2024-06-03 20:26:22,822 - DEBUG - 		 * LS solution score: 424.0
2024-06-03 20:26:22,822 - DEBUG - 		 * Delta: -7.0
2024-06-03 20:26:22,822 - DEBUG - 		 * Accepting new solution with probability
2024-06-03 20:26:22,822 - DEBUG - 		 * New solution accepted with probability
2024-06-03 20:26:35,844 - DEBUG - 		 * LS solution score: 394.0
2024-06-03 20:26:35,844 - DEBUG - 		 * Delta: -30.0
2024-06-03 20:26:35,844 - DEBUG - 		 * Accepting new solution with probability
2024-06-03 20:26:35,844 - DEBUG - 		 * New solution accepted with probability
2024-06-03 20:26:46,845 - DEBUG - 		 * LS solution score: 362.0
2024-06-03 20:26:46,845 - DEBUG - 		 * Delta: -32.0
2024-06-03 20:26:46,845 - DEBUG - 		 * Accepting new solution with probability
2024-06-03 20:26:46,845 - DEBUG - 		 * New solution accepted with probability
2024-06-03 20:27:02,648 - DEBUG - 		 * LS solution score: 387.0
2024-06-03 20:27:02,648 - DEBUG - 		 * Delta: 25.0
2024-06-03 20:27:02,648 - DEBUG - 		 * Accepting new solution as starting solution
2024-06-03 20:27:02,648 - DEBUG - 		 * Temperature: 750.0
2024-06-03 20:27:02,648 - DEBUG - 		 * No improvement for 23 iterations
2024-06-03 20:27:02,648 - DEBUG - 		 * Restarting from best solution
2024-06-03 20:27:02,648 - INFO - 		 * SAILS solution score: 440.0
2024-06-03 20:27:02,650 - INFO - 	 Solution # 1 Score: 376.0 - GAP: 86.26% - Time: 622.41s

2024-06-03 20:27:02,654 - INFO - 	 - TSV file saved at: .\results\\SAILS\pr09_cbenefit_insertion_ratio_p1_m1_rTrue.tsv

2024-06-03 20:27:02,654 - INFO - * Parameters: solutions_count=1, path_count=2, criteria=benefit_insertion_ratio, random_noise=True
2024-06-03 20:27:02,654 - INFO - 	 Solution #1
2024-06-03 20:27:48,789 - INFO - 		 * Constructive method solution score: 655.0
2024-06-03 20:28:23,041 - DEBUG - 		 * LS solution score: 673.0
2024-06-03 20:28:23,041 - DEBUG - 		 * Delta: 18.0
2024-06-03 20:28:23,041 - DEBUG - 		 * Accepting new solution as starting solution
2024-06-03 20:28:23,041 - DEBUG - 		 * Accepting new solution as best solution
2024-06-03 20:28:47,188 - DEBUG - 		 * LS solution score: 667.0
2024-06-03 20:28:47,188 - DEBUG - 		 * Delta: -6.0
2024-06-03 20:28:47,188 - DEBUG - 		 * Accepting new solution with probability
2024-06-03 20:28:47,188 - DEBUG - 		 * New solution accepted with probability
2024-06-03 20:29:11,508 - DEBUG - 		 * LS solution score: 650.0
2024-06-03 20:29:11,509 - DEBUG - 		 * Delta: -17.0
2024-06-03 20:29:11,509 - DEBUG - 		 * Accepting new solution with probability
2024-06-03 20:29:11,509 - DEBUG - 		 * New solution accepted with probability
2024-06-03 20:29:40,906 - DEBUG - 		 * LS solution score: 652.0
2024-06-03 20:29:40,906 - DEBUG - 		 * Delta: 2.0
2024-06-03 20:29:40,906 - DEBUG - 		 * Accepting new solution as starting solution
2024-06-03 20:30:25,813 - DEBUG - 		 * LS solution score: 683.0
2024-06-03 20:30:25,813 - DEBUG - 		 * Delta: 31.0
2024-06-03 20:30:25,813 - DEBUG - 		 * Accepting new solution as starting solution
2024-06-03 20:30:25,813 - DEBUG - 		 * Accepting new solution as best solution
2024-06-03 20:31:07,067 - DEBUG - 		 * LS solution score: 691.0
2024-06-03 20:31:07,067 - DEBUG - 		 * Delta: 8.0
2024-06-03 20:31:07,067 - DEBUG - 		 * Accepting new solution as starting solution
2024-06-03 20:31:07,067 - DEBUG - 		 * Accepting new solution as best solution
2024-06-03 20:31:53,197 - DEBUG - 		 * LS solution score: 690.0
2024-06-03 20:31:53,197 - DEBUG - 		 * Delta: -1.0
2024-06-03 20:31:53,197 - DEBUG - 		 * Accepting new solution with probability
2024-06-03 20:31:53,197 - DEBUG - 		 * New solution accepted with probability
2024-06-03 20:32:46,576 - DEBUG - 		 * LS solution score: 684.0
2024-06-03 20:32:46,576 - DEBUG - 		 * Delta: -6.0
2024-06-03 20:32:46,576 - DEBUG - 		 * Accepting new solution with probability
2024-06-03 20:32:46,576 - DEBUG - 		 * New solution accepted with probability
2024-06-03 20:33:46,632 - DEBUG - 		 * LS solution score: 650.0
2024-06-03 20:33:46,632 - DEBUG - 		 * Delta: -34.0
2024-06-03 20:33:46,632 - DEBUG - 		 * Accepting new solution with probability
2024-06-03 20:33:46,632 - DEBUG - 		 * New solution accepted with probability
2024-06-03 20:34:53,314 - DEBUG - 		 * LS solution score: 727.0
2024-06-03 20:34:53,314 - DEBUG - 		 * Delta: 77.0
2024-06-03 20:34:53,315 - DEBUG - 		 * Accepting new solution as starting solution
2024-06-03 20:34:53,315 - DEBUG - 		 * Accepting new solution as best solution
2024-06-03 20:35:17,334 - DEBUG - 		 * LS solution score: 718.0
2024-06-03 20:35:17,334 - DEBUG - 		 * Delta: -9.0
2024-06-03 20:35:17,334 - DEBUG - 		 * Accepting new solution with probability
2024-06-03 20:35:17,334 - DEBUG - 		 * New solution accepted with probability
2024-06-03 20:35:46,388 - DEBUG - 		 * LS solution score: 726.0
2024-06-03 20:35:46,388 - DEBUG - 		 * Delta: 8.0
2024-06-03 20:35:46,388 - DEBUG - 		 * Accepting new solution as starting solution
2024-06-03 20:36:10,916 - DEBUG - 		 * LS solution score: 706.0
2024-06-03 20:36:10,916 - DEBUG - 		 * Delta: -20.0
2024-06-03 20:36:10,916 - DEBUG - 		 * Accepting new solution with probability
2024-06-03 20:36:10,916 - DEBUG - 		 * New solution accepted with probability
2024-06-03 20:36:47,646 - DEBUG - 		 * LS solution score: 730.0
2024-06-03 20:36:47,646 - DEBUG - 		 * Delta: 24.0
2024-06-03 20:36:47,646 - DEBUG - 		 * Accepting new solution as starting solution
2024-06-03 20:36:47,646 - DEBUG - 		 * Accepting new solution as best solution
2024-06-03 20:37:29,645 - DEBUG - 		 * LS solution score: 755.0
2024-06-03 20:37:29,645 - DEBUG - 		 * Delta: 25.0
2024-06-03 20:37:29,645 - DEBUG - 		 * Accepting new solution as starting solution
2024-06-03 20:37:29,645 - DEBUG - 		 * Accepting new solution as best solution
2024-06-03 20:38:36,506 - DEBUG - 		 * LS solution score: 765.0
2024-06-03 20:38:36,506 - DEBUG - 		 * Delta: 10.0
2024-06-03 20:38:36,507 - DEBUG - 		 * Accepting new solution as starting solution
2024-06-03 20:38:36,507 - DEBUG - 		 * Accepting new solution as best solution
2024-06-03 20:39:27,051 - DEBUG - 		 * LS solution score: 764.0
2024-06-03 20:39:27,051 - DEBUG - 		 * Delta: -1.0
2024-06-03 20:39:27,051 - DEBUG - 		 * Accepting new solution with probability
2024-06-03 20:39:27,051 - DEBUG - 		 * New solution accepted with probability
2024-06-03 20:40:23,027 - DEBUG - 		 * LS solution score: 752.0
2024-06-03 20:40:23,027 - DEBUG - 		 * Delta: -12.0
2024-06-03 20:40:23,027 - DEBUG - 		 * Accepting new solution with probability
2024-06-03 20:40:23,027 - DEBUG - 		 * New solution accepted with probability
2024-06-03 20:41:16,448 - DEBUG - 		 * LS solution score: 737.0
2024-06-03 20:41:16,448 - DEBUG - 		 * Delta: -15.0
2024-06-03 20:41:16,448 - DEBUG - 		 * Accepting new solution with probability
2024-06-03 20:41:16,448 - DEBUG - 		 * New solution accepted with probability
2024-06-03 20:42:22,944 - DEBUG - 		 * LS solution score: 709.0
2024-06-03 20:42:22,944 - DEBUG - 		 * Delta: -28.0
2024-06-03 20:42:22,945 - DEBUG - 		 * Accepting new solution with probability
2024-06-03 20:42:22,945 - DEBUG - 		 * New solution accepted with probability
2024-06-03 20:43:29,505 - DEBUG - 		 * LS solution score: 743.0
2024-06-03 20:43:29,506 - DEBUG - 		 * Delta: 34.0
2024-06-03 20:43:29,506 - DEBUG - 		 * Accepting new solution as starting solution
2024-06-03 20:44:27,929 - DEBUG - 		 * LS solution score: 730.0
2024-06-03 20:44:27,929 - DEBUG - 		 * Delta: -13.0
2024-06-03 20:44:27,929 - DEBUG - 		 * Accepting new solution with probability
2024-06-03 20:44:27,929 - DEBUG - 		 * New solution accepted with probability
2024-06-03 20:44:54,774 - DEBUG - 		 * LS solution score: 738.0
2024-06-03 20:44:54,774 - DEBUG - 		 * Delta: 8.0
2024-06-03 20:44:54,774 - DEBUG - 		 * Accepting new solution as starting solution
2024-06-03 20:45:18,619 - DEBUG - 		 * LS solution score: 724.0
2024-06-03 20:45:18,619 - DEBUG - 		 * Delta: -14.0
2024-06-03 20:45:18,619 - DEBUG - 		 * Accepting new solution with probability
2024-06-03 20:45:18,619 - DEBUG - 		 * New solution accepted with probability
2024-06-03 20:45:48,829 - DEBUG - 		 * LS solution score: 705.0
2024-06-03 20:45:48,829 - DEBUG - 		 * Delta: -19.0
2024-06-03 20:45:48,829 - DEBUG - 		 * Accepting new solution with probability
2024-06-03 20:45:48,829 - DEBUG - 		 * New solution accepted with probability
2024-06-03 20:46:47,600 - DEBUG - 		 * LS solution score: 770.0
2024-06-03 20:46:47,600 - DEBUG - 		 * Delta: 65.0
2024-06-03 20:46:47,600 - DEBUG - 		 * Accepting new solution as starting solution
2024-06-03 20:46:47,600 - DEBUG - 		 * Accepting new solution as best solution
2024-06-03 20:47:29,333 - DEBUG - 		 * LS solution score: 766.0
2024-06-03 20:47:29,333 - DEBUG - 		 * Delta: -4.0
2024-06-03 20:47:29,334 - DEBUG - 		 * Accepting new solution with probability
2024-06-03 20:47:29,334 - DEBUG - 		 * New solution accepted with probability
2024-06-03 20:48:10,544 - DEBUG - 		 * LS solution score: 759.0
2024-06-03 20:48:10,544 - DEBUG - 		 * Delta: -7.0
2024-06-03 20:48:10,544 - DEBUG - 		 * Accepting new solution with probability
2024-06-03 20:48:10,544 - DEBUG - 		 * New solution accepted with probability
2024-06-03 20:48:53,532 - DEBUG - 		 * LS solution score: 762.0
2024-06-03 20:48:53,532 - DEBUG - 		 * Delta: 3.0
2024-06-03 20:48:53,532 - DEBUG - 		 * Accepting new solution as starting solution
2024-06-03 20:49:31,838 - DEBUG - 		 * LS solution score: 686.0
2024-06-03 20:49:31,838 - DEBUG - 		 * Delta: -76.0
2024-06-03 20:49:31,838 - DEBUG - 		 * Accepting new solution with probability
2024-06-03 20:49:31,838 - DEBUG - 		 * New solution accepted with probability
2024-06-03 20:50:14,716 - DEBUG - 		 * LS solution score: 650.0
2024-06-03 20:50:14,716 - DEBUG - 		 * Delta: -36.0
2024-06-03 20:50:14,716 - DEBUG - 		 * Accepting new solution with probability
2024-06-03 20:50:14,716 - DEBUG - 		 * New solution accepted with probability
2024-06-03 20:51:01,980 - DEBUG - 		 * LS solution score: 678.0
2024-06-03 20:51:01,980 - DEBUG - 		 * Delta: 28.0
2024-06-03 20:51:01,980 - DEBUG - 		 * Accepting new solution as starting solution
2024-06-03 20:51:25,131 - DEBUG - 		 * LS solution score: 688.0
2024-06-03 20:51:25,131 - DEBUG - 		 * Delta: 10.0
2024-06-03 20:51:25,131 - DEBUG - 		 * Accepting new solution as starting solution
2024-06-03 20:51:47,901 - DEBUG - 		 * LS solution score: 688.0
2024-06-03 20:51:47,901 - DEBUG - 		 * Delta: 0.0
2024-06-03 20:51:47,901 - DEBUG - 		 * Accepting new solution with probability
2024-06-03 20:51:47,901 - DEBUG - 		 * New solution accepted with probability
2024-06-03 20:52:26,411 - DEBUG - 		 * LS solution score: 708.0
2024-06-03 20:52:26,411 - DEBUG - 		 * Delta: 20.0
2024-06-03 20:52:26,411 - DEBUG - 		 * Accepting new solution as starting solution
2024-06-03 20:53:14,089 - DEBUG - 		 * LS solution score: 687.0
2024-06-03 20:53:14,089 - DEBUG - 		 * Delta: -21.0
2024-06-03 20:53:14,090 - DEBUG - 		 * Accepting new solution with probability
2024-06-03 20:53:14,090 - DEBUG - 		 * New solution accepted with probability
2024-06-03 20:53:59,755 - DEBUG - 		 * LS solution score: 690.0
2024-06-03 20:53:59,755 - DEBUG - 		 * Delta: 3.0
2024-06-03 20:53:59,755 - DEBUG - 		 * Accepting new solution as starting solution
2024-06-03 20:54:42,564 - DEBUG - 		 * LS solution score: 706.0
2024-06-03 20:54:42,564 - DEBUG - 		 * Delta: 16.0
2024-06-03 20:54:42,564 - DEBUG - 		 * Accepting new solution as starting solution
2024-06-03 20:55:13,345 - DEBUG - 		 * LS solution score: 654.0
2024-06-03 20:55:13,345 - DEBUG - 		 * Delta: -52.0
2024-06-03 20:55:13,345 - DEBUG - 		 * Accepting new solution with probability
2024-06-03 20:55:13,345 - DEBUG - 		 * New solution accepted with probability
2024-06-03 20:55:54,934 - DEBUG - 		 * LS solution score: 666.0
2024-06-03 20:55:54,934 - DEBUG - 		 * Delta: 12.0
2024-06-03 20:55:54,934 - DEBUG - 		 * Accepting new solution as starting solution
2024-06-03 20:56:46,303 - DEBUG - 		 * LS solution score: 711.0
2024-06-03 20:56:46,303 - DEBUG - 		 * Delta: 45.0
2024-06-03 20:56:46,303 - DEBUG - 		 * Accepting new solution as starting solution
2024-06-03 20:57:40,984 - DEBUG - 		 * LS solution score: 711.0
2024-06-03 20:57:40,984 - DEBUG - 		 * Delta: 0.0
2024-06-03 20:57:40,984 - DEBUG - 		 * Accepting new solution with probability
2024-06-03 20:57:40,984 - DEBUG - 		 * New solution accepted with probability
2024-06-03 20:58:39,188 - DEBUG - 		 * LS solution score: 705.0
2024-06-03 20:58:39,188 - DEBUG - 		 * Delta: -6.0
2024-06-03 20:58:39,188 - DEBUG - 		 * Accepting new solution with probability
2024-06-03 20:58:39,188 - DEBUG - 		 * New solution accepted with probability
2024-06-03 20:59:40,048 - DEBUG - 		 * LS solution score: 736.0
2024-06-03 20:59:40,048 - DEBUG - 		 * Delta: 31.0
2024-06-03 20:59:40,048 - DEBUG - 		 * Accepting new solution as starting solution
2024-06-03 21:00:08,471 - DEBUG - 		 * LS solution score: 746.0
2024-06-03 21:00:08,471 - DEBUG - 		 * Delta: 10.0
2024-06-03 21:00:08,471 - DEBUG - 		 * Accepting new solution as starting solution
2024-06-03 21:00:40,503 - DEBUG - 		 * LS solution score: 761.0
2024-06-03 21:00:40,503 - DEBUG - 		 * Delta: 15.0
2024-06-03 21:00:40,503 - DEBUG - 		 * Accepting new solution as starting solution
2024-06-03 21:01:10,296 - DEBUG - 		 * LS solution score: 745.0
2024-06-03 21:01:10,296 - DEBUG - 		 * Delta: -16.0
2024-06-03 21:01:10,296 - DEBUG - 		 * Accepting new solution with probability
2024-06-03 21:01:10,296 - DEBUG - 		 * New solution accepted with probability
2024-06-03 21:01:46,905 - DEBUG - 		 * LS solution score: 746.0
2024-06-03 21:01:46,905 - DEBUG - 		 * Delta: 1.0
2024-06-03 21:01:46,905 - DEBUG - 		 * Accepting new solution as starting solution
2024-06-03 21:02:32,877 - DEBUG - 		 * LS solution score: 762.0
2024-06-03 21:02:32,877 - DEBUG - 		 * Delta: 16.0
2024-06-03 21:02:32,877 - DEBUG - 		 * Accepting new solution as starting solution
2024-06-03 21:03:13,008 - DEBUG - 		 * LS solution score: 734.0
2024-06-03 21:03:13,008 - DEBUG - 		 * Delta: -28.0
2024-06-03 21:03:13,008 - DEBUG - 		 * Accepting new solution with probability
2024-06-03 21:03:13,008 - DEBUG - 		 * New solution accepted with probability
2024-06-03 21:03:13,008 - DEBUG - 		 * Temperature: 750.0
2024-06-03 21:03:13,008 - DEBUG - 		 * No improvement for 24 iterations
2024-06-03 21:03:13,009 - DEBUG - 		 * Restarting from best solution
2024-06-03 21:03:13,009 - INFO - 		 * SAILS solution score: 770.0
2024-06-03 21:03:13,010 - INFO - 	 Solution # 1 Score: 770.0 - GAP: 71.86% - Time: 2170.36s

2024-06-03 21:03:13,012 - INFO - 	 - TSV file saved at: .\results\\SAILS\pr09_cbenefit_insertion_ratio_p2_m1_rTrue.tsv

2024-06-03 21:03:13,012 - INFO - * Parameters: solutions_count=1, path_count=3, criteria=benefit_insertion_ratio, random_noise=True
2024-06-03 21:03:13,013 - INFO - 	 Solution #1
2024-06-03 21:04:33,751 - INFO - 		 * Constructive method solution score: 952.0
2024-06-03 21:05:58,001 - DEBUG - 		 * LS solution score: 1026.0
2024-06-03 21:05:58,001 - DEBUG - 		 * Delta: 74.0
2024-06-03 21:05:58,001 - DEBUG - 		 * Accepting new solution as starting solution
2024-06-03 21:05:58,001 - DEBUG - 		 * Accepting new solution as best solution
2024-06-03 21:06:44,349 - DEBUG - 		 * LS solution score: 1029.0
2024-06-03 21:06:44,349 - DEBUG - 		 * Delta: 3.0
2024-06-03 21:06:44,349 - DEBUG - 		 * Accepting new solution as starting solution
2024-06-03 21:06:44,350 - DEBUG - 		 * Accepting new solution as best solution
2024-06-03 21:07:47,463 - DEBUG - 		 * LS solution score: 1041.0
2024-06-03 21:07:47,463 - DEBUG - 		 * Delta: 12.0
2024-06-03 21:07:47,463 - DEBUG - 		 * Accepting new solution as starting solution
2024-06-03 21:07:47,464 - DEBUG - 		 * Accepting new solution as best solution
2024-06-03 21:08:36,595 - DEBUG - 		 * LS solution score: 1032.0
2024-06-03 21:08:36,595 - DEBUG - 		 * Delta: -9.0
2024-06-03 21:08:36,595 - DEBUG - 		 * Accepting new solution with probability
2024-06-03 21:08:36,595 - DEBUG - 		 * New solution accepted with probability
2024-06-03 21:09:41,463 - DEBUG - 		 * LS solution score: 1034.0
2024-06-03 21:09:41,463 - DEBUG - 		 * Delta: 2.0
2024-06-03 21:09:41,463 - DEBUG - 		 * Accepting new solution as starting solution
2024-06-03 21:10:56,956 - DEBUG - 		 * LS solution score: 1030.0
2024-06-03 21:10:56,956 - DEBUG - 		 * Delta: -4.0
2024-06-03 21:10:56,956 - DEBUG - 		 * Accepting new solution with probability
2024-06-03 21:10:56,956 - DEBUG - 		 * New solution accepted with probability
2024-06-03 21:12:21,505 - DEBUG - 		 * LS solution score: 1020.0
2024-06-03 21:12:21,505 - DEBUG - 		 * Delta: -10.0
2024-06-03 21:12:21,505 - DEBUG - 		 * Accepting new solution with probability
2024-06-03 21:12:21,505 - DEBUG - 		 * New solution accepted with probability
2024-06-03 21:14:05,924 - DEBUG - 		 * LS solution score: 1049.0
2024-06-03 21:14:05,924 - DEBUG - 		 * Delta: 29.0
2024-06-03 21:14:05,924 - DEBUG - 		 * Accepting new solution as starting solution
2024-06-03 21:14:05,924 - DEBUG - 		 * Accepting new solution as best solution
2024-06-03 21:15:47,345 - DEBUG - 		 * LS solution score: 1046.0
2024-06-03 21:15:47,345 - DEBUG - 		 * Delta: -3.0
2024-06-03 21:15:47,345 - DEBUG - 		 * Accepting new solution with probability
2024-06-03 21:15:47,345 - DEBUG - 		 * New solution accepted with probability
2024-06-03 21:17:03,931 - DEBUG - 		 * LS solution score: 934.0
2024-06-03 21:17:03,932 - DEBUG - 		 * Delta: -112.0
2024-06-03 21:17:03,932 - DEBUG - 		 * Accepting new solution with probability
2024-06-03 21:17:03,932 - DEBUG - 		 * New solution accepted with probability
2024-06-03 21:19:09,316 - DEBUG - 		 * LS solution score: 993.0
2024-06-03 21:19:09,316 - DEBUG - 		 * Delta: 59.0
2024-06-03 21:19:09,316 - DEBUG - 		 * Accepting new solution as starting solution
2024-06-03 21:19:41,545 - DEBUG - 		 * LS solution score: 993.0
2024-06-03 21:19:41,545 - DEBUG - 		 * Delta: 0.0
2024-06-03 21:19:41,545 - DEBUG - 		 * Accepting new solution with probability
2024-06-03 21:19:41,545 - DEBUG - 		 * New solution accepted with probability
2024-06-03 21:20:18,843 - DEBUG - 		 * LS solution score: 981.0
2024-06-03 21:20:18,843 - DEBUG - 		 * Delta: -12.0
2024-06-03 21:20:18,843 - DEBUG - 		 * Accepting new solution with probability
2024-06-03 21:20:18,843 - DEBUG - 		 * New solution accepted with probability
2024-06-03 21:21:00,906 - DEBUG - 		 * LS solution score: 973.0
2024-06-03 21:21:00,906 - DEBUG - 		 * Delta: -8.0
2024-06-03 21:21:00,906 - DEBUG - 		 * Accepting new solution with probability
2024-06-03 21:21:00,906 - DEBUG - 		 * New solution accepted with probability
2024-06-03 21:21:50,711 - DEBUG - 		 * LS solution score: 991.0
2024-06-03 21:21:50,711 - DEBUG - 		 * Delta: 18.0
2024-06-03 21:21:50,711 - DEBUG - 		 * Accepting new solution as starting solution
2024-06-03 21:22:50,649 - DEBUG - 		 * LS solution score: 983.0
2024-06-03 21:22:50,649 - DEBUG - 		 * Delta: -8.0
2024-06-03 21:22:50,649 - DEBUG - 		 * Accepting new solution with probability
2024-06-03 21:22:50,650 - DEBUG - 		 * New solution accepted with probability
2024-06-03 21:24:23,033 - DEBUG - 		 * LS solution score: 1018.0
2024-06-03 21:24:23,033 - DEBUG - 		 * Delta: 35.0
2024-06-03 21:24:23,033 - DEBUG - 		 * Accepting new solution as starting solution
2024-06-03 21:25:30,769 - DEBUG - 		 * LS solution score: 1011.0
2024-06-03 21:25:30,769 - DEBUG - 		 * Delta: -7.0
2024-06-03 21:25:30,769 - DEBUG - 		 * Accepting new solution with probability
2024-06-03 21:25:30,769 - DEBUG - 		 * New solution accepted with probability
2024-06-03 21:26:31,092 - DEBUG - 		 * LS solution score: 966.0
2024-06-03 21:26:31,092 - DEBUG - 		 * Delta: -45.0
2024-06-03 21:26:31,092 - DEBUG - 		 * Accepting new solution with probability
2024-06-03 21:26:31,092 - DEBUG - 		 * New solution accepted with probability
2024-06-03 21:28:22,353 - DEBUG - 		 * LS solution score: 977.0
2024-06-03 21:28:22,353 - DEBUG - 		 * Delta: 11.0
2024-06-03 21:28:22,353 - DEBUG - 		 * Accepting new solution as starting solution
2024-06-03 21:29:37,676 - DEBUG - 		 * LS solution score: 963.0
2024-06-03 21:29:37,676 - DEBUG - 		 * Delta: -14.0
2024-06-03 21:29:37,676 - DEBUG - 		 * Accepting new solution with probability
2024-06-03 21:29:37,676 - DEBUG - 		 * New solution accepted with probability
2024-06-03 21:30:06,610 - DEBUG - 		 * LS solution score: 963.0
2024-06-03 21:30:06,610 - DEBUG - 		 * Delta: 0.0
2024-06-03 21:30:06,610 - DEBUG - 		 * Accepting new solution with probability
2024-06-03 21:30:06,610 - DEBUG - 		 * New solution accepted with probability
2024-06-03 21:30:48,812 - DEBUG - 		 * LS solution score: 956.0
2024-06-03 21:30:48,812 - DEBUG - 		 * Delta: -7.0
2024-06-03 21:30:48,812 - DEBUG - 		 * Accepting new solution with probability
2024-06-03 21:30:48,812 - DEBUG - 		 * New solution accepted with probability
2024-06-03 21:31:57,842 - DEBUG - 		 * LS solution score: 1028.0
2024-06-03 21:31:57,842 - DEBUG - 		 * Delta: 72.0
2024-06-03 21:31:57,842 - DEBUG - 		 * Accepting new solution as starting solution
2024-06-03 21:32:59,968 - DEBUG - 		 * LS solution score: 1001.0
2024-06-03 21:32:59,968 - DEBUG - 		 * Delta: -27.0
2024-06-03 21:32:59,968 - DEBUG - 		 * Accepting new solution with probability
2024-06-03 21:32:59,968 - DEBUG - 		 * New solution accepted with probability
2024-06-03 21:34:03,788 - DEBUG - 		 * LS solution score: 1037.0
2024-06-03 21:34:03,788 - DEBUG - 		 * Delta: 36.0
2024-06-03 21:34:03,788 - DEBUG - 		 * Accepting new solution as starting solution
2024-06-03 21:35:08,155 - DEBUG - 		 * LS solution score: 1044.0
2024-06-03 21:35:08,155 - DEBUG - 		 * Delta: 7.0
2024-06-03 21:35:08,155 - DEBUG - 		 * Accepting new solution as starting solution
2024-06-03 21:36:18,637 - DEBUG - 		 * LS solution score: 1006.0
2024-06-03 21:36:18,637 - DEBUG - 		 * Delta: -38.0
2024-06-03 21:36:18,637 - DEBUG - 		 * Accepting new solution with probability
2024-06-03 21:36:18,637 - DEBUG - 		 * New solution accepted with probability
2024-06-03 21:37:46,957 - DEBUG - 		 * LS solution score: 987.0
2024-06-03 21:37:46,957 - DEBUG - 		 * Delta: -19.0
2024-06-03 21:37:46,957 - DEBUG - 		 * Accepting new solution with probability
2024-06-03 21:37:46,957 - DEBUG - 		 * New solution accepted with probability
2024-06-03 21:39:18,510 - DEBUG - 		 * LS solution score: 987.0
2024-06-03 21:39:18,510 - DEBUG - 		 * Delta: 0.0
2024-06-03 21:39:18,510 - DEBUG - 		 * Accepting new solution with probability
2024-06-03 21:39:18,510 - DEBUG - 		 * New solution accepted with probability
2024-06-03 21:40:43,037 - DEBUG - 		 * LS solution score: 1039.0
2024-06-03 21:40:43,037 - DEBUG - 		 * Delta: 52.0
2024-06-03 21:40:43,037 - DEBUG - 		 * Accepting new solution as starting solution
2024-06-03 21:41:13,737 - DEBUG - 		 * LS solution score: 1039.0
2024-06-03 21:41:13,737 - DEBUG - 		 * Delta: 0.0
2024-06-03 21:41:13,737 - DEBUG - 		 * Accepting new solution with probability
2024-06-03 21:41:13,737 - DEBUG - 		 * New solution accepted with probability
2024-06-03 21:41:50,019 - DEBUG - 		 * LS solution score: 1036.0
2024-06-03 21:41:50,019 - DEBUG - 		 * Delta: -3.0
2024-06-03 21:41:50,019 - DEBUG - 		 * Accepting new solution with probability
2024-06-03 21:41:50,019 - DEBUG - 		 * New solution accepted with probability
2024-06-03 21:42:30,825 - DEBUG - 		 * LS solution score: 1017.0
2024-06-03 21:42:30,825 - DEBUG - 		 * Delta: -19.0
2024-06-03 21:42:30,825 - DEBUG - 		 * Accepting new solution with probability
2024-06-03 21:42:30,825 - DEBUG - 		 * New solution accepted with probability
2024-06-03 21:43:38,700 - DEBUG - 		 * LS solution score: 1065.0
2024-06-03 21:43:38,700 - DEBUG - 		 * Delta: 48.0
2024-06-03 21:43:38,700 - DEBUG - 		 * Accepting new solution as starting solution
2024-06-03 21:43:38,700 - DEBUG - 		 * Accepting new solution as best solution
2024-06-03 21:44:34,731 - DEBUG - 		 * LS solution score: 1017.0
2024-06-03 21:44:34,731 - DEBUG - 		 * Delta: -48.0
2024-06-03 21:44:34,731 - DEBUG - 		 * Accepting new solution with probability
2024-06-03 21:44:34,731 - DEBUG - 		 * New solution accepted with probability
2024-06-03 21:45:40,294 - DEBUG - 		 * LS solution score: 1039.0
2024-06-03 21:45:40,295 - DEBUG - 		 * Delta: 22.0
2024-06-03 21:45:40,295 - DEBUG - 		 * Accepting new solution as starting solution
2024-06-03 21:46:54,474 - DEBUG - 		 * LS solution score: 1045.0
2024-06-03 21:46:54,474 - DEBUG - 		 * Delta: 6.0
2024-06-03 21:46:54,474 - DEBUG - 		 * Accepting new solution as starting solution
2024-06-03 21:48:01,688 - DEBUG - 		 * LS solution score: 1021.0
2024-06-03 21:48:01,688 - DEBUG - 		 * Delta: -24.0
2024-06-03 21:48:01,688 - DEBUG - 		 * Accepting new solution with probability
2024-06-03 21:48:01,688 - DEBUG - 		 * New solution accepted with probability
2024-06-03 21:49:47,957 - DEBUG - 		 * LS solution score: 1013.0
2024-06-03 21:49:47,957 - DEBUG - 		 * Delta: -8.0
2024-06-03 21:49:47,957 - DEBUG - 		 * Accepting new solution with probability
2024-06-03 21:49:47,957 - DEBUG - 		 * New solution accepted with probability
2024-06-03 21:51:41,240 - DEBUG - 		 * LS solution score: 1038.0
2024-06-03 21:51:41,240 - DEBUG - 		 * Delta: 25.0
2024-06-03 21:51:41,240 - DEBUG - 		 * Accepting new solution as starting solution
2024-06-03 21:52:20,438 - DEBUG - 		 * LS solution score: 1063.0
2024-06-03 21:52:20,438 - DEBUG - 		 * Delta: 25.0
2024-06-03 21:52:20,438 - DEBUG - 		 * Accepting new solution as starting solution
2024-06-03 21:53:02,027 - DEBUG - 		 * LS solution score: 1063.0
2024-06-03 21:53:02,027 - DEBUG - 		 * Delta: 0.0
2024-06-03 21:53:02,027 - DEBUG - 		 * Accepting new solution with probability
2024-06-03 21:53:02,027 - DEBUG - 		 * New solution accepted with probability
2024-06-03 21:54:43,415 - DEBUG - 		 * LS solution score: 1125.0
2024-06-03 21:54:43,415 - DEBUG - 		 * Delta: 62.0
2024-06-03 21:54:43,415 - DEBUG - 		 * Accepting new solution as starting solution
2024-06-03 21:54:43,415 - DEBUG - 		 * Accepting new solution as best solution
2024-06-03 21:55:39,935 - DEBUG - 		 * LS solution score: 1106.0
2024-06-03 21:55:39,935 - DEBUG - 		 * Delta: -19.0
2024-06-03 21:55:39,935 - DEBUG - 		 * Accepting new solution with probability
2024-06-03 21:55:39,935 - DEBUG - 		 * New solution accepted with probability
2024-06-03 21:56:35,474 - DEBUG - 		 * LS solution score: 1083.0
2024-06-03 21:56:35,474 - DEBUG - 		 * Delta: -23.0
2024-06-03 21:56:35,474 - DEBUG - 		 * Accepting new solution with probability
2024-06-03 21:56:35,474 - DEBUG - 		 * New solution accepted with probability
2024-06-03 21:58:04,411 - DEBUG - 		 * LS solution score: 1056.0
2024-06-03 21:58:04,411 - DEBUG - 		 * Delta: -27.0
2024-06-03 21:58:04,411 - DEBUG - 		 * Accepting new solution with probability
2024-06-03 21:58:04,411 - DEBUG - 		 * New solution accepted with probability
2024-06-03 21:59:04,117 - DEBUG - 		 * LS solution score: 992.0
2024-06-03 21:59:04,117 - DEBUG - 		 * Delta: -64.0
2024-06-03 21:59:04,118 - DEBUG - 		 * Accepting new solution with probability
2024-06-03 21:59:04,118 - DEBUG - 		 * New solution accepted with probability
2024-06-03 22:00:50,249 - DEBUG - 		 * LS solution score: 1007.0
2024-06-03 22:00:50,249 - DEBUG - 		 * Delta: 15.0
2024-06-03 22:00:50,249 - DEBUG - 		 * Accepting new solution as starting solution
2024-06-03 22:02:22,360 - DEBUG - 		 * LS solution score: 1069.0
2024-06-03 22:02:22,360 - DEBUG - 		 * Delta: 62.0
2024-06-03 22:02:22,360 - DEBUG - 		 * Accepting new solution as starting solution
2024-06-03 22:02:22,361 - DEBUG - 		 * Temperature: 750.0
2024-06-03 22:02:22,361 - DEBUG - 		 * No improvement for 6 iterations
2024-06-03 22:02:22,361 - DEBUG - 		 * Restarting from best solution
2024-06-03 22:02:22,361 - INFO - 		 * SAILS solution score: 1125.0
2024-06-03 22:02:22,363 - INFO - 	 Solution # 1 Score: 1125.0 - GAP: 58.88% - Time: 3549.35s

2024-06-03 22:02:22,364 - INFO - 	 - TSV file saved at: .\results\\SAILS\pr09_cbenefit_insertion_ratio_p3_m1_rTrue.tsv

2024-06-03 22:02:22,364 - INFO - * Parameters: solutions_count=1, path_count=4, criteria=benefit_insertion_ratio, random_noise=True
2024-06-03 22:02:22,364 - INFO - 	 Solution #1
2024-06-03 22:04:20,068 - INFO - 		 * Constructive method solution score: 1212.0
2024-06-03 22:05:54,271 - DEBUG - 		 * LS solution score: 1265.0
2024-06-03 22:05:54,271 - DEBUG - 		 * Delta: 53.0
2024-06-03 22:05:54,271 - DEBUG - 		 * Accepting new solution as starting solution
2024-06-03 22:05:54,271 - DEBUG - 		 * Accepting new solution as best solution
2024-06-03 22:06:42,598 - DEBUG - 		 * LS solution score: 1246.0
2024-06-03 22:06:42,598 - DEBUG - 		 * Delta: -19.0
2024-06-03 22:06:42,599 - DEBUG - 		 * Accepting new solution with probability
2024-06-03 22:06:42,599 - DEBUG - 		 * New solution accepted with probability
2024-06-03 22:07:40,151 - DEBUG - 		 * LS solution score: 1232.0
2024-06-03 22:07:40,151 - DEBUG - 		 * Delta: -14.0
2024-06-03 22:07:40,151 - DEBUG - 		 * Accepting new solution with probability
2024-06-03 22:07:40,151 - DEBUG - 		 * New solution accepted with probability
2024-06-03 22:09:03,616 - DEBUG - 		 * LS solution score: 1267.0
2024-06-03 22:09:03,616 - DEBUG - 		 * Delta: 35.0
2024-06-03 22:09:03,616 - DEBUG - 		 * Accepting new solution as starting solution
2024-06-03 22:09:03,616 - DEBUG - 		 * Accepting new solution as best solution
2024-06-03 22:10:53,599 - DEBUG - 		 * LS solution score: 1261.0
2024-06-03 22:10:53,599 - DEBUG - 		 * Delta: -6.0
2024-06-03 22:10:53,599 - DEBUG - 		 * Accepting new solution with probability
2024-06-03 22:10:53,599 - DEBUG - 		 * New solution accepted with probability
2024-06-03 22:12:24,571 - DEBUG - 		 * LS solution score: 1288.0
2024-06-03 22:12:24,571 - DEBUG - 		 * Delta: 27.0
2024-06-03 22:12:24,571 - DEBUG - 		 * Accepting new solution as starting solution
2024-06-03 22:12:24,572 - DEBUG - 		 * Accepting new solution as best solution
2024-06-03 22:14:09,640 - DEBUG - 		 * LS solution score: 1260.0
2024-06-03 22:14:09,640 - DEBUG - 		 * Delta: -28.0
2024-06-03 22:14:09,640 - DEBUG - 		 * Accepting new solution with probability
2024-06-03 22:14:09,640 - DEBUG - 		 * New solution accepted with probability
2024-06-03 22:16:28,652 - DEBUG - 		 * LS solution score: 1318.0
2024-06-03 22:16:28,653 - DEBUG - 		 * Delta: 58.0
2024-06-03 22:16:28,653 - DEBUG - 		 * Accepting new solution as starting solution
2024-06-03 22:16:28,653 - DEBUG - 		 * Accepting new solution as best solution
2024-06-03 22:18:37,781 - DEBUG - 		 * LS solution score: 1331.0
2024-06-03 22:18:37,781 - DEBUG - 		 * Delta: 13.0
2024-06-03 22:18:37,781 - DEBUG - 		 * Accepting new solution as starting solution
2024-06-03 22:18:37,781 - DEBUG - 		 * Accepting new solution as best solution
2024-06-03 22:21:00,632 - DEBUG - 		 * LS solution score: 1351.0
2024-06-03 22:21:00,632 - DEBUG - 		 * Delta: 20.0
2024-06-03 22:21:00,632 - DEBUG - 		 * Accepting new solution as starting solution
2024-06-03 22:21:00,632 - DEBUG - 		 * Accepting new solution as best solution
