2024-06-03 23:51:44,396 - INFO - Starting TOPTW Solver: ILS Method


2024-06-03 23:51:44,396 - INFO - ----------------------------------------
2024-06-03 23:51:44,396 - INFO - Processing: pr07.txt - N: 72 - T_max: 1000.0
2024-06-03 23:51:44,396 - INFO - ----------------------------------------
2024-06-03 23:51:44,396 - INFO - * Parameters: solutions_count=5, path_count=1, criteria=benefit_insertion_ratio, random_noise=True
2024-06-03 23:51:44,396 - INFO - 	 Solution #1
2024-06-03 23:51:47,355 - INFO - 		 * Constructive method solution score: 259.0
2024-06-04 00:22:09,575 - INFO - 		 * SAILS solution score: 291.0
2024-06-04 00:22:09,576 - INFO - 	 Solution # 1 Score: 291.0 - GAP: 69.30% - Time: 1825.18s

2024-06-04 00:22:09,576 - INFO - 	 Solution #2
2024-06-04 00:22:12,420 - INFO - 		 * Constructive method solution score: 262.0
2024-06-04 00:53:23,595 - INFO - 		 * SAILS solution score: 288.0
2024-06-04 00:53:23,596 - INFO - 	 Solution # 2 Score: 288.0 - GAP: 69.62% - Time: 1874.02s

2024-06-04 00:53:23,597 - INFO - 	 Solution #3
2024-06-04 00:53:26,078 - INFO - 		 * Constructive method solution score: 218.0
2024-06-04 01:24:13,689 - INFO - 		 * SAILS solution score: 288.0
2024-06-04 01:24:13,690 - INFO - 	 Solution # 3 Score: 288.0 - GAP: 69.62% - Time: 1850.09s

2024-06-04 01:24:13,690 - INFO - 	 Solution #4
2024-06-04 01:24:16,316 - INFO - 		 * Constructive method solution score: 247.0
2024-06-04 01:56:00,396 - INFO - 		 * SAILS solution score: 293.0
2024-06-04 01:56:00,397 - INFO - 	 Solution # 4 Score: 293.0 - GAP: 69.09% - Time: 1906.71s

2024-06-04 01:56:00,397 - INFO - 	 Solution #5
2024-06-04 01:56:03,163 - INFO - 		 * Constructive method solution score: 269.0
2024-06-04 02:28:20,911 - INFO - 		 * SAILS solution score: 298.0
2024-06-04 02:28:20,912 - INFO - 	 Solution # 5 Score: 298.0 - GAP: 68.57% - Time: 1940.51s

2024-06-04 02:28:20,916 - INFO - 	 - TSV file saved at: .\results\\SAILS\pr07_cbenefit_insertion_ratio_p1_m5_rTrue.tsv

2024-06-04 02:28:20,916 - INFO - * Parameters: solutions_count=5, path_count=2, criteria=benefit_insertion_ratio, random_noise=True
2024-06-04 02:28:20,916 - INFO - 	 Solution #1
2024-06-04 02:28:28,282 - INFO - 		 * Constructive method solution score: 472.0
2024-06-04 03:00:41,398 - INFO - 		 * SAILS solution score: 552.0
2024-06-04 03:00:41,400 - INFO - 	 Solution # 1 Score: 552.0 - GAP: 41.77% - Time: 1940.48s

2024-06-04 03:00:41,400 - INFO - 	 Solution #2
2024-06-04 03:00:49,019 - INFO - 		 * Constructive method solution score: 456.0
2024-06-04 03:33:45,670 - INFO - 		 * SAILS solution score: 547.0
2024-06-04 03:33:45,672 - INFO - 	 Solution # 2 Score: 547.0 - GAP: 42.30% - Time: 1984.27s

2024-06-04 03:33:45,672 - INFO - 	 Solution #3
2024-06-04 03:33:52,031 - INFO - 		 * Constructive method solution score: 450.0
2024-06-04 04:06:05,613 - INFO - 		 * SAILS solution score: 561.0
2024-06-04 04:06:05,614 - INFO - 	 Solution # 3 Score: 561.0 - GAP: 40.82% - Time: 1939.94s

2024-06-04 04:06:05,614 - INFO - 	 Solution #4
2024-06-04 04:06:14,333 - INFO - 		 * Constructive method solution score: 512.0
2024-06-04 04:38:14,681 - INFO - 		 * SAILS solution score: 552.0
2024-06-04 04:38:14,682 - INFO - 	 Solution # 4 Score: 552.0 - GAP: 41.77% - Time: 1929.07s

2024-06-04 04:38:14,682 - INFO - 	 Solution #5
2024-06-04 04:38:21,609 - INFO - 		 * Constructive method solution score: 465.0
2024-06-04 05:11:01,360 - INFO - 		 * SAILS solution score: 557.0
2024-06-04 05:11:01,362 - INFO - 	 Solution # 5 Score: 557.0 - GAP: 41.24% - Time: 1966.68s

2024-06-04 05:11:01,364 - INFO - 	 - TSV file saved at: .\results\\SAILS\pr07_cbenefit_insertion_ratio_p2_m5_rTrue.tsv

2024-06-04 05:11:01,364 - INFO - * Parameters: solutions_count=5, path_count=3, criteria=benefit_insertion_ratio, random_noise=True
2024-06-04 05:11:01,364 - INFO - 	 Solution #1
2024-06-04 05:11:13,179 - INFO - 		 * Constructive method solution score: 624.0
2024-06-04 05:50:12,582 - INFO - 		 * SAILS solution score: 717.0
2024-06-04 05:50:12,584 - INFO - 	 Solution # 1 Score: 717.0 - GAP: 24.37% - Time: 2351.22s

2024-06-04 05:50:12,584 - INFO - 	 Solution #2
2024-06-04 05:50:24,874 - INFO - 		 * Constructive method solution score: 637.0
2024-06-04 06:29:38,466 - INFO - 		 * SAILS solution score: 711.0
2024-06-04 06:29:38,468 - INFO - 	 Solution # 2 Score: 711.0 - GAP: 25.00% - Time: 2365.88s

2024-06-04 06:29:38,468 - INFO - 	 Solution #3
2024-06-04 06:29:50,320 - INFO - 		 * Constructive method solution score: 592.0
2024-06-04 07:08:50,947 - INFO - 		 * SAILS solution score: 706.0
2024-06-04 07:08:50,949 - INFO - 	 Solution # 3 Score: 706.0 - GAP: 25.53% - Time: 2352.48s

2024-06-04 07:08:50,949 - INFO - 	 Solution #4
2024-06-04 07:09:02,478 - INFO - 		 * Constructive method solution score: 613.0
2024-06-04 07:48:27,527 - INFO - 		 * SAILS solution score: 721.0
2024-06-04 07:48:27,530 - INFO - 	 Solution # 4 Score: 721.0 - GAP: 23.95% - Time: 2376.58s

2024-06-04 07:48:27,530 - INFO - 	 Solution #5
2024-06-04 07:48:40,062 - INFO - 		 * Constructive method solution score: 647.0
2024-06-04 08:27:17,641 - INFO - 		 * SAILS solution score: 726.0
2024-06-04 08:27:17,642 - INFO - 	 Solution # 5 Score: 726.0 - GAP: 23.42% - Time: 2330.11s

2024-06-04 08:27:17,644 - INFO - 	 - TSV file saved at: .\results\\SAILS\pr07_cbenefit_insertion_ratio_p3_m5_rTrue.tsv

2024-06-04 08:27:17,644 - INFO - * Parameters: solutions_count=5, path_count=4, criteria=benefit_insertion_ratio, random_noise=True
2024-06-04 08:27:17,644 - INFO - 	 Solution #1
2024-06-04 08:27:35,993 - INFO - 		 * Constructive method solution score: 778.0
2024-06-04 09:03:32,213 - INFO - 		 * SAILS solution score: 807.0
2024-06-04 09:03:32,215 - INFO - 	 Solution # 1 Score: 807.0 - GAP: 14.87% - Time: 2174.57s

2024-06-04 09:03:32,215 - INFO - 	 Solution #2
2024-06-04 09:03:49,146 - INFO - 		 * Constructive method solution score: 734.0
2024-06-04 09:40:24,194 - INFO - 		 * SAILS solution score: 820.0
2024-06-04 09:40:24,197 - INFO - 	 Solution # 2 Score: 820.0 - GAP: 13.50% - Time: 2211.98s

2024-06-04 09:40:24,197 - INFO - 	 Solution #3
2024-06-04 09:40:42,148 - INFO - 		 * Constructive method solution score: 774.0
2024-06-04 10:16:43,523 - INFO - 		 * SAILS solution score: 810.0
2024-06-04 10:16:43,525 - INFO - 	 Solution # 3 Score: 810.0 - GAP: 14.56% - Time: 2179.33s

2024-06-04 10:16:43,526 - INFO - 	 Solution #4
2024-06-04 10:17:00,722 - INFO - 		 * Constructive method solution score: 752.0
2024-06-04 10:51:44,402 - INFO - 		 * SAILS solution score: 816.0
2024-06-04 10:51:44,404 - INFO - 	 Solution # 4 Score: 816.0 - GAP: 13.92% - Time: 2100.88s

2024-06-04 10:51:44,405 - INFO - 	 Solution #5
2024-06-04 10:52:00,719 - INFO - 		 * Constructive method solution score: 752.0
2024-06-04 11:25:37,322 - INFO - 		 * SAILS solution score: 823.0
2024-06-04 11:25:37,324 - INFO - 	 Solution # 5 Score: 823.0 - GAP: 13.19% - Time: 2032.92s

2024-06-04 11:25:37,326 - INFO - 	 - TSV file saved at: .\results\\SAILS\pr07_cbenefit_insertion_ratio_p4_m5_rTrue.tsv

