2024-06-03 23:51:43,861 - INFO - Starting TOPTW Solver: ILS Method


2024-06-03 23:51:43,861 - INFO - Assigning instances to workers.
2024-06-03 23:51:43,861 - INFO - Please follow the progress of each worker in their respective log file...

2024-06-05 02:19:28,718 - INFO - ----------------------------------------
2024-06-05 02:19:28,720 - INFO - Total instances processed: 10
2024-06-05 02:19:28,720 - INFO - ----------------------------------------
2024-06-05 02:19:28,769 - INFO - Aggregated Solutions:
2024-06-05 02:19:28,769 - INFO -   instance_name  nodes_count   T_max  ... average_execution_time  minimum_execution_time  maximum_execution_time
0          pr01           48  1000.0  ...            1874.692577             1845.080992             1910.163540
1          pr07           72  1000.0  ...            1879.302815             1825.180820             1940.514295
2          pr03          144  1000.0  ...            2047.805193             1991.082303             2112.916864
3          pr02           96  1000.0  ...            1942.727151             1878.541489             2071.504528
4          pr08          144  1000.0  ...            1989.863510             1906.542467             2167.834359
5          pr04          192  1000.0  ...            1997.752204             1902.464150             2053.027618
6          pr09          216  1000.0  ...            1868.866856             1817.092952             1938.757558
7          pr05          240  1000.0  ...            2016.049665             1837.646406             2569.614261
8          pr06          288  1000.0  ...            2465.591022             2293.020934             2540.572507
9          pr10          288  1000.0  ...            1911.640089             1802.829849             2039.343773

[10 rows x 13 columns]
2024-06-05 02:19:28,786 - INFO - 	 - TSV file saved at: .\results\\SAILS\aggregated_solutions.tsv
