2024-06-03 02:10:18,791 - INFO - Starting TOPTW Solver: ILS Method


2024-06-03 02:10:18,794 - INFO - ----------------------------------------
2024-06-03 02:10:18,794 - INFO - Processing: pr10.txt - N: 288 - T_max: 1000.0
2024-06-03 02:10:18,794 - INFO - ----------------------------------------
2024-06-03 02:10:18,794 - INFO - * Parameters: solutions_count=5, path_count=1, criteria=benefit_insertion_ratio, random_noise=True
2024-06-03 02:10:18,794 - INFO - 	 Solution #1
2024-06-03 02:10:43,396 - INFO - 		 * Constructive method solution score: 452.0
2024-06-03 02:10:46,933 - INFO - 		 * Local search solution score: 452.0
2024-06-03 02:40:26,643 - INFO - 		 * ILS solution score: 522.0
2024-06-03 02:40:26,644 - INFO - 	 Solution # 1 Score: 522.0 - GAP: 86.44% - Time: 1807.85s

2024-06-03 02:40:26,644 - INFO - 	 Solution #2
2024-06-03 02:40:50,484 - INFO - 		 * Constructive method solution score: 456.0
2024-06-03 02:40:53,855 - INFO - 		 * Local search solution score: 456.0
2024-06-03 03:10:41,170 - INFO - 		 * ILS solution score: 541.0
2024-06-03 03:10:41,171 - INFO - 	 Solution # 2 Score: 541.0 - GAP: 85.95% - Time: 1814.53s

2024-06-03 03:10:41,171 - INFO - 	 Solution #3
2024-06-03 03:11:01,474 - INFO - 		 * Constructive method solution score: 432.0
2024-06-03 03:11:04,273 - INFO - 		 * Local search solution score: 432.0
2024-06-03 03:40:58,303 - INFO - 		 * ILS solution score: 524.0
2024-06-03 03:40:58,304 - INFO - 	 Solution # 3 Score: 524.0 - GAP: 86.39% - Time: 1817.13s

2024-06-03 03:40:58,304 - INFO - 	 Solution #4
2024-06-03 03:41:22,315 - INFO - 		 * Constructive method solution score: 453.0
2024-06-03 03:41:25,686 - INFO - 		 * Local search solution score: 453.0
2024-06-03 04:11:32,586 - INFO - 		 * ILS solution score: 545.0
2024-06-03 04:11:32,587 - INFO - 	 Solution # 4 Score: 545.0 - GAP: 85.84% - Time: 1834.28s

2024-06-03 04:11:32,587 - INFO - 	 Solution #5
2024-06-03 04:11:58,479 - INFO - 		 * Constructive method solution score: 476.0
2024-06-03 04:12:16,616 - INFO - 		 * Local search solution score: 503.0
2024-06-03 04:41:59,702 - INFO - 		 * ILS solution score: 521.0
2024-06-03 04:41:59,703 - INFO - 	 Solution # 5 Score: 521.0 - GAP: 86.47% - Time: 1827.12s

2024-06-03 04:41:59,708 - INFO - 	 - TSV file saved at: .\results\\ITERATED_LOCAL_SEARCH\pr10_cbenefit_insertion_ratio_p1_m5_rTrue.tsv

2024-06-03 04:41:59,708 - INFO - * Parameters: solutions_count=5, path_count=2, criteria=benefit_insertion_ratio, random_noise=True
2024-06-03 04:41:59,708 - INFO - 	 Solution #1
2024-06-03 04:43:37,018 - INFO - 		 * Constructive method solution score: 883.0
2024-06-03 04:44:18,245 - INFO - 		 * Local search solution score: 905.0
2024-06-03 05:11:59,993 - INFO - 		 * ILS solution score: 1001.0
2024-06-03 05:11:59,994 - INFO - 	 Solution # 1 Score: 1001.0 - GAP: 74.00% - Time: 1800.29s

2024-06-03 05:11:59,994 - INFO - 	 Solution #2
2024-06-03 05:13:34,242 - INFO - 		 * Constructive method solution score: 869.0
2024-06-03 05:14:17,879 - INFO - 		 * Local search solution score: 884.0
2024-06-03 05:43:03,040 - INFO - 		 * ILS solution score: 942.0
2024-06-03 05:43:03,042 - INFO - 	 Solution # 2 Score: 942.0 - GAP: 75.53% - Time: 1863.05s

2024-06-03 05:43:03,042 - INFO - 	 Solution #3
2024-06-03 05:44:27,213 - INFO - 		 * Constructive method solution score: 861.0
2024-06-03 05:45:11,787 - INFO - 		 * Local search solution score: 890.0
2024-06-03 06:13:21,857 - INFO - 		 * ILS solution score: 890.0
2024-06-03 06:13:21,859 - INFO - 	 Solution # 3 Score: 890.0 - GAP: 76.88% - Time: 1818.82s

2024-06-03 06:13:21,859 - INFO - 	 Solution #4
2024-06-03 06:14:52,522 - INFO - 		 * Constructive method solution score: 865.0
2024-06-03 06:15:33,304 - INFO - 		 * Local search solution score: 880.0
2024-06-03 06:44:35,655 - INFO - 		 * ILS solution score: 952.0
2024-06-03 06:44:35,657 - INFO - 	 Solution # 4 Score: 952.0 - GAP: 75.27% - Time: 1873.80s

2024-06-03 06:44:35,657 - INFO - 	 Solution #5
2024-06-03 06:46:11,972 - INFO - 		 * Constructive method solution score: 905.0
2024-06-03 06:46:37,439 - INFO - 		 * Local search solution score: 913.0
2024-06-03 07:15:53,610 - INFO - 		 * ILS solution score: 1026.0
2024-06-03 07:15:53,612 - INFO - 	 Solution # 5 Score: 1026.0 - GAP: 73.35% - Time: 1877.96s

2024-06-03 07:15:53,614 - INFO - 	 - TSV file saved at: .\results\\ITERATED_LOCAL_SEARCH\pr10_cbenefit_insertion_ratio_p2_m5_rTrue.tsv

2024-06-03 07:15:53,614 - INFO - * Parameters: solutions_count=5, path_count=3, criteria=benefit_insertion_ratio, random_noise=True
2024-06-03 07:15:53,614 - INFO - 	 Solution #1
2024-06-03 07:18:41,006 - INFO - 		 * Constructive method solution score: 1201.0
2024-06-03 07:20:31,000 - INFO - 		 * Local search solution score: 1267.0
2024-06-03 07:46:36,095 - INFO - 		 * ILS solution score: 1338.0
2024-06-03 07:46:36,098 - INFO - 	 Solution # 1 Score: 1338.0 - GAP: 65.25% - Time: 1842.48s

2024-06-03 07:46:36,098 - INFO - 	 Solution #2
2024-06-03 07:49:01,948 - INFO - 		 * Constructive method solution score: 1175.0
2024-06-03 07:50:25,071 - INFO - 		 * Local search solution score: 1257.0
2024-06-03 08:18:45,957 - INFO - 		 * ILS solution score: 1341.0
2024-06-03 08:18:45,960 - INFO - 	 Solution # 2 Score: 1341.0 - GAP: 65.17% - Time: 1929.86s

2024-06-03 08:18:45,960 - INFO - 	 Solution #3
2024-06-03 08:22:01,953 - INFO - 		 * Constructive method solution score: 1268.0
2024-06-03 08:23:16,644 - INFO - 		 * Local search solution score: 1301.0
2024-06-03 08:48:49,587 - INFO - 		 * ILS solution score: 1345.0
2024-06-03 08:48:49,590 - INFO - 	 Solution # 3 Score: 1345.0 - GAP: 65.06% - Time: 1803.63s

2024-06-03 08:48:49,590 - INFO - 	 Solution #4
2024-06-03 08:51:48,423 - INFO - 		 * Constructive method solution score: 1224.0
2024-06-03 08:53:27,874 - INFO - 		 * Local search solution score: 1266.0
2024-06-03 09:20:57,549 - INFO - 		 * ILS solution score: 1280.0
2024-06-03 09:20:57,551 - INFO - 	 Solution # 4 Score: 1280.0 - GAP: 66.75% - Time: 1927.96s

2024-06-03 09:20:57,551 - INFO - 	 Solution #5
2024-06-03 09:23:28,326 - INFO - 		 * Constructive method solution score: 1145.0
2024-06-03 09:24:29,067 - INFO - 		 * Local search solution score: 1168.0
2024-06-03 09:50:59,962 - INFO - 		 * ILS solution score: 1342.0
2024-06-03 09:50:59,965 - INFO - 	 Solution # 5 Score: 1342.0 - GAP: 65.14% - Time: 1802.41s

2024-06-03 09:50:59,967 - INFO - 	 - TSV file saved at: .\results\\ITERATED_LOCAL_SEARCH\pr10_cbenefit_insertion_ratio_p3_m5_rTrue.tsv

2024-06-03 09:50:59,967 - INFO - * Parameters: solutions_count=5, path_count=4, criteria=benefit_insertion_ratio, random_noise=True
2024-06-03 09:50:59,967 - INFO - 	 Solution #1
2024-06-03 09:55:17,284 - INFO - 		 * Constructive method solution score: 1483.0
2024-06-03 09:56:30,402 - INFO - 		 * Local search solution score: 1518.0
2024-06-03 10:21:31,879 - INFO - 		 * ILS solution score: 1662.0
2024-06-03 10:21:31,881 - INFO - 	 Solution # 1 Score: 1662.0 - GAP: 56.83% - Time: 1831.91s

2024-06-03 10:21:31,881 - INFO - 	 Solution #2
2024-06-03 10:25:44,912 - INFO - 		 * Constructive method solution score: 1546.0
2024-06-03 10:26:56,012 - INFO - 		 * Local search solution score: 1580.0
2024-06-03 10:53:27,953 - INFO - 		 * ILS solution score: 1597.0
2024-06-03 10:53:27,956 - INFO - 	 Solution # 2 Score: 1597.0 - GAP: 58.52% - Time: 1916.07s

2024-06-03 10:53:27,956 - INFO - 	 Solution #3
2024-06-03 10:57:15,343 - INFO - 		 * Constructive method solution score: 1501.0
2024-06-03 10:58:34,848 - INFO - 		 * Local search solution score: 1522.0
2024-06-03 11:23:52,464 - INFO - 		 * ILS solution score: 1573.0
2024-06-03 11:23:52,466 - INFO - 	 Solution # 3 Score: 1573.0 - GAP: 59.14% - Time: 1824.51s

2024-06-03 11:23:52,466 - INFO - 	 Solution #4
2024-06-03 11:28:15,048 - INFO - 		 * Constructive method solution score: 1625.0
2024-06-03 11:29:56,410 - INFO - 		 * Local search solution score: 1655.0
2024-06-03 11:54:55,413 - INFO - 		 * ILS solution score: 1678.0
2024-06-03 11:54:55,415 - INFO - 	 Solution # 4 Score: 1678.0 - GAP: 56.42% - Time: 1862.95s

2024-06-03 11:54:55,415 - INFO - 	 Solution #5
2024-06-03 11:58:22,145 - INFO - 		 * Constructive method solution score: 1525.0
2024-06-03 11:59:46,229 - INFO - 		 * Local search solution score: 1564.0
2024-06-03 12:26:50,794 - INFO - 		 * ILS solution score: 1746.0
2024-06-03 12:26:50,796 - INFO - 	 Solution # 5 Score: 1746.0 - GAP: 54.65% - Time: 1915.38s

2024-06-03 12:26:50,797 - INFO - 	 - TSV file saved at: .\results\\ITERATED_LOCAL_SEARCH\pr10_cbenefit_insertion_ratio_p4_m5_rTrue.tsv

