2024-06-03 02:10:18,196 - INFO - Starting TOPTW Solver: ILS Method


2024-06-03 02:10:18,247 - INFO - Assigning instances to workers.
2024-06-03 02:10:18,247 - INFO - Please follow the progress of each worker in their respective log files...

2024-06-03 12:27:58,611 - INFO - ----------------------------------------
2024-06-03 12:27:58,611 - INFO - Total instances processed: 10
2024-06-03 12:27:58,611 - INFO - ----------------------------------------
2024-06-03 12:27:58,626 - INFO - Aggregated Solutions:
2024-06-03 12:27:58,626 - INFO -   instance_name  nodes_count   T_max        criteria_function  paths_count  solutions_count  ...  average_gap  minimum_gap  maximum_gap  average_execution_time  minimum_execution_time  maximum_execution_time
0          pr01           48  1000.0  benefit_insertion_ratio            1                5  ...    53.607306    53.120244    54.642314              784.488627              605.523530              925.539191
1          pr07           72  1000.0  benefit_insertion_ratio            1                5  ...    69.472574    68.565401    70.253165              651.175418              498.839107              804.817726
2          pr03          144  1000.0  benefit_insertion_ratio            1                5  ...    78.389262    77.964206    78.859060             1363.205037             1169.975519             1803.349884
3          pr02           96  1000.0  benefit_insertion_ratio            1                5  ...    68.311475    67.950820    68.688525             1430.504155             1202.597389             1793.680752
4          pr08          144  1000.0  benefit_insertion_ratio            1                5  ...    78.315055    77.966102    78.863410             1613.041099             1321.806892             1805.433438
5          pr04          192  1000.0  benefit_insertion_ratio            1                5  ...    82.228502    81.953977    82.721034             1804.904431             1800.652050             1808.118059
6          pr09          216  1000.0  benefit_insertion_ratio            1                5  ...    83.442982    82.638889    84.502924             1811.863320             1805.468527             1818.053874
7          pr06          288  1000.0  benefit_insertion_ratio            1                5  ...    86.156361    84.990466    87.196949             1810.374756             1802.682905             1819.864150
8          pr10          288  1000.0  benefit_insertion_ratio            1                5  ...    86.218182    85.844156    86.467532             1820.181803             1807.850253             1834.282118
9          pr05          240  1000.0  benefit_insertion_ratio            1                5  ...    83.825724    83.378096    84.183826             1816.518425             1808.945962             1825.010445

[10 rows x 13 columns]
2024-06-03 12:27:58,642 - INFO - 	 - TSV file saved at: .\results\\ITERATED_LOCAL_SEARCH\aggregated_solutions.tsv
